Build started 23/04/2015 21:36:01.
     1>Project "C:\Users\Kris\Documents\GitHub\SHU-FoP-Group\4374_Task1c_Skeleton\Project_VS13.vcxproj" on node 2 (Build target(s)).
     1>ClCompile:
         C:\Program Files (x86)\Microsoft Visual Studio 12.0\VC\bin\CL.exe /c /ZI /nologo /W3 /WX- /sdl- /Od /Oy- /D _MBCS /D _MBCS /D NODEBUG /Gm /EHsc /RTC1 /MDd /GS /fp:precise /Zc:wchar_t /Zc:forScope /GR /Fo"Debug\\" /Fd"Debug\vc120.pdb" /Gd /TP /analyze- /errorReport:prompt 4374_Task1c_Skeleton.cpp
         4374_Task1c_Skeleton.cpp
     1>c:\users\kris\documents\github\shu-fop-group\4374_task1c_skeleton\4374_task1c_skeleton.cpp(215): warning C4018: '<' : signed/unsigned mismatch
     1>c:\users\kris\documents\github\shu-fop-group\4374_task1c_skeleton\4374_task1c_skeleton.cpp(227): warning C4018: '<' : signed/unsigned mismatch
     1>c:\users\kris\documents\github\shu-fop-group\4374_task1c_skeleton\4374_task1c_skeleton.cpp(236): warning C4018: '<' : signed/unsigned mismatch
     1>c:\users\kris\documents\github\shu-fop-group\4374_task1c_skeleton\4374_task1c_skeleton.cpp(255): warning C4018: '<' : signed/unsigned mismatch
     1>c:\users\kris\documents\github\shu-fop-group\4374_task1c_skeleton\4374_task1c_skeleton.cpp(286): warning C4018: '<' : signed/unsigned mismatch
     1>c:\users\kris\documents\github\shu-fop-group\4374_task1c_skeleton\4374_task1c_skeleton.cpp(292): warning C4018: '<' : signed/unsigned mismatch
     1>c:\users\kris\documents\github\shu-fop-group\4374_task1c_skeleton\4374_task1c_skeleton.cpp(300): warning C4018: '<' : signed/unsigned mismatch
     1>c:\users\kris\documents\github\shu-fop-group\4374_task1c_skeleton\4374_task1c_skeleton.cpp(370): warning C4018: '<' : signed/unsigned mismatch
     1>c:\users\kris\documents\github\shu-fop-group\4374_task1c_skeleton\4374_task1c_skeleton.cpp(404): warning C4018: '<' : signed/unsigned mismatch
     1>c:\users\kris\documents\github\shu-fop-group\4374_task1c_skeleton\4374_task1c_skeleton.cpp(485): warning C4996: 'getch': The POSIX name for this item is deprecated. Instead, use the ISO C++ conformant name: _getch. See online help for details.
                 c:\program files (x86)\microsoft visual studio 12.0\vc\include\conio.h(131) : see declaration of 'getch'
     1>c:\users\kris\documents\github\shu-fop-group\4374_task1c_skeleton\4374_task1c_skeleton.cpp(487): warning C4996: 'getch': The POSIX name for this item is deprecated. Instead, use the ISO C++ conformant name: _getch. See online help for details.
                 c:\program files (x86)\microsoft visual studio 12.0\vc\include\conio.h(131) : see declaration of 'getch'
     1>c:\users\kris\documents\github\shu-fop-group\4374_task1c_skeleton\4374_task1c_skeleton.cpp(511): warning C4018: '<' : signed/unsigned mismatch
     1>c:\users\kris\documents\github\shu-fop-group\4374_task1c_skeleton\4374_task1c_skeleton.cpp(782): warning C4018: '<' : signed/unsigned mismatch
     1>c:\users\kris\documents\github\shu-fop-group\4374_task1c_skeleton\4374_task1c_skeleton.cpp(798): warning C4018: '<' : signed/unsigned mismatch
     1>c:\users\kris\documents\github\shu-fop-group\4374_task1c_skeleton\4374_task1c_skeleton.cpp(849): warning C4018: '<' : signed/unsigned mismatch
     1>c:\users\kris\documents\github\shu-fop-group\4374_task1c_skeleton\4374_task1c_skeleton.cpp(855): warning C4018: '<' : signed/unsigned mismatch
       Link:
         C:\Program Files (x86)\Microsoft Visual Studio 12.0\VC\bin\link.exe /ERRORREPORT:PROMPT /OUT:"C:\Users\Kris\Documents\GitHub\SHU-FoP-Group\4374_Task1c_Skeleton\Debug\Project_VS13.exe" /INCREMENTAL /NOLOGO kernel32.lib user32.lib gdi32.lib winspool.lib comdlg32.lib advapi32.lib shell32.lib ole32.lib oleaut32.lib uuid.lib odbc32.lib odbccp32.lib /MANIFEST /MANIFESTUAC:"level='asInvoker' uiAccess='false'" /manifest:embed /DEBUG /PDB:"C:\Users\Kris\Documents\GitHub\SHU-FoP-Group\4374_Task1c_Skeleton\Debug\Project_VS13.pdb" /TLBID:1 /DYNAMICBASE /NXCOMPAT /IMPLIB:"C:\Users\Kris\Documents\GitHub\SHU-FoP-Group\4374_Task1c_Skeleton\Debug\Project_VS13.lib" /MACHINE:X86 Debug\4374_Task1c_Skeleton.obj
         Debug\ConsoleUtils.obj
         Debug\RandomUtils.obj
         Debug\TimeUtils.obj
         Project_VS13.vcxproj -> C:\Users\Kris\Documents\GitHub\SHU-FoP-Group\4374_Task1c_Skeleton\Debug\Project_VS13.exe
     1>Done Building Project "C:\Users\Kris\Documents\GitHub\SHU-FoP-Group\4374_Task1c_Skeleton\Project_VS13.vcxproj" (Build target(s)).

Build succeeded.

Time Elapsed 00:00:00.80
